<?xml version="1.0" encoding="UTF-8"?>
<!-- Generated by org.testng.reporters.JUnitReportReporter -->
<testsuite skipped="0" hostname="DESKTOP-B7ELS4L" name="test.AddCategoryTest" tests="3" failures="0" timestamp="12 Dec 2022 04:10:47 GMT" time="16.136" errors="0">
  <testcase name="validateDropDownTest" time="3.708" classname="test.AddCategoryTest"/>
  <testcase name="validateAddCategoryTest" time="5.783" classname="test.AddCategoryTest"/>
  <testcase name="validateDuplicateDataTest" time="6.645" classname="test.AddCategoryTest"/>
</testsuite> <!-- test.AddCategoryTest -->
